05.07.2022 18:34:21: Downloaded wallpaper.json
05.07.2022 18:37:31: Downloaded wallpaper.json
05.07.2022 18:37:31: Count CheckTrue
05.07.2022 18:48:03: Downloaded wallpaper.json
05.07.2022 18:48:03: Count CheckTrue
05.07.2022 18:48:20: Downloaded wallpaper.json
05.07.2022 18:48:20: Count CheckTrue
05.07.2022 18:51:39: Downloaded wallpaper.json
05.07.2022 18:51:39: Count CheckTrue
05.07.2022 18:52:45: Downloaded wallpaper.json
05.07.2022 18:52:45: Count CheckTrue
05.07.2022 18:53:05: Downloaded wallpaper.json
05.07.2022 18:53:05: Count CheckTrue
05.07.2022 18:53:08: Downloaded wallpaper.json
05.07.2022 18:53:08: Count CheckTrue
05.07.2022 18:53:10: Downloaded wallpaper.json
05.07.2022 18:53:10: Count CheckTrue
05.07.2022 18:53:12: Downloaded wallpaper.json
05.07.2022 18:53:12: Count CheckTrue
05.07.2022 18:55:27: Downloaded wallpaper.json
05.07.2022 18:55:27: Count CheckTrue
05.07.2022 18:56:12: Downloaded wallpaper.json
05.07.2022 18:56:12: Count CheckTrue
05.07.2022 18:56:12: https://cdn.urlaubsguru.at/wp-content/uploads/2017/09/Koenigssee-St.-Bartholomews-Church-iStock_25714100_XLARGE-2-e1564554183513.jpg
05.07.2022 18:56:38: Downloaded wallpaper.json
05.07.2022 18:56:38: Count CheckTrue
05.07.2022 18:56:51: Downloaded wallpaper.json
05.07.2022 18:56:51: Count CheckTrue
05.07.2022 18:58:20: Downloaded wallpaper.json
05.07.2022 18:58:20: Count CheckTrue
05.07.2022 18:58:47: Downloaded wallpaper.json
05.07.2022 18:58:47: Count CheckTrue
05.07.2022 18:58:47: Random intergr3
05.07.2022 18:59:27: Downloaded wallpaper.json
05.07.2022 18:59:27: Count CheckTrue
05.07.2022 18:59:27: Random intergr: 1
05.07.2022 19:00:54: Downloaded wallpaper.json
05.07.2022 19:00:54: Count CheckTrue
05.07.2022 19:00:54: https://www.pronatura.ch/sites/pronatura.ch/files/styles/hero_huge/public/2018-07/wildnis_1920x960_cr_matthiassorg_0.jpg?itok=NH1Mz2NC
05.07.2022 19:00:57: Downloaded wallpaper.json
05.07.2022 19:00:57: Count CheckTrue
05.07.2022 19:00:57: https://www.pronatura.ch/sites/pronatura.ch/files/styles/hero_huge/public/2018-07/wildnis_1920x960_cr_matthiassorg_0.jpg?itok=NH1Mz2NC
05.07.2022 19:00:59: Downloaded wallpaper.json
05.07.2022 19:00:59: Count CheckTrue
05.07.2022 19:00:59: https://www.swr.de/wissen/1000-antworten/1630052900103,steinhuder-meer-sonnenaufgang-100~_v-16x9@2dL_-6c42aff4e68b43c7868c3240d3ebfa29867457da.jpg
05.07.2022 19:01:00: Downloaded wallpaper.json
05.07.2022 19:01:00: Count CheckTrue
05.07.2022 19:01:00: https://cdn.urlaubsguru.at/wp-content/uploads/2017/09/Koenigssee-St.-Bartholomews-Church-iStock_25714100_XLARGE-2-e1564554183513.jpg
05.07.2022 19:01:02: Downloaded wallpaper.json
05.07.2022 19:01:02: Count CheckTrue
05.07.2022 19:01:02: https://www.swr.de/wissen/1000-antworten/1630052900103,steinhuder-meer-sonnenaufgang-100~_v-16x9@2dL_-6c42aff4e68b43c7868c3240d3ebfa29867457da.jpg
05.07.2022 19:01:37: Downloaded wallpaper.json
05.07.2022 19:01:37: Count CheckTrue
05.07.2022 19:01:37: Random URL: https://www.swr.de/wissen/1000-antworten/1630052900103,steinhuder-meer-sonnenaufgang-100~_v-16x9@2dL_-6c42aff4e68b43c7868c3240d3ebfa29867457da.jpg
05.07.2022 19:01:47: Downloaded wallpaper.json
05.07.2022 19:01:47: Count Check: True
05.07.2022 19:01:47: Random URL: https://www.swr.de/wissen/1000-antworten/1630052900103,steinhuder-meer-sonnenaufgang-100~_v-16x9@2dL_-6c42aff4e68b43c7868c3240d3ebfa29867457da.jpg
05.07.2022 19:02:16: Downloaded: wallpaper.json
05.07.2022 19:02:16: Count Check: True
05.07.2022 19:02:16: Random URL: https://www.pronatura.ch/sites/pronatura.ch/files/styles/hero_huge/public/2018-07/wildnis_1920x960_cr_matthiassorg_0.jpg?itok=NH1Mz2NC
05.07.2022 19:02:35: Downloaded: wallpaper.json
05.07.2022 19:02:35: Count Check: True
05.07.2022 19:02:35: Random URL: https://www.swr.de/wissen/1000-antworten/1630052900103,steinhuder-meer-sonnenaufgang-100~_v-16x9@2dL_-6c42aff4e68b43c7868c3240d3ebfa29867457da.jpg
05.07.2022 19:02:35: Downloaded: 1630052900103,steinhuder-meer-sonnenaufgang-100~_v-16x9@2dL_-6c42aff4e68b43c7868c3240d3ebfa29867457da.jpg
05.07.2022 19:07:22: Count Check: True
05.07.2022 19:07:22: Random URL: https://www.pronatura.ch/sites/pronatura.ch/files/styles/hero_huge/public/2018-07/wildnis_1920x960_cr_matthiassorg_0.jpg?itok=NH1Mz2NC
05.07.2022 19:07:50: Count Check: True
05.07.2022 19:07:50: Random URL: https://cdn.urlaubsguru.at/wp-content/uploads/2017/09/Koenigssee-St.-Bartholomews-Church-iStock_25714100_XLARGE-2-e1564554183513.jpg
05.07.2022 19:07:50: Downloaded: Wallpaper.jpg
05.07.2022 19:08:09: Count Check: True
05.07.2022 19:08:09: Random URL: https://www.swr.de/wissen/1000-antworten/1630052900103,steinhuder-meer-sonnenaufgang-100~_v-16x9@2dL_-6c42aff4e68b43c7868c3240d3ebfa29867457da.jpg
05.07.2022 19:08:10: Downloaded: Wallpaper.jpg
05.07.2022 19:08:13: Count Check: True
05.07.2022 19:08:13: Random URL: https://www.swr.de/wissen/1000-antworten/1630052900103,steinhuder-meer-sonnenaufgang-100~_v-16x9@2dL_-6c42aff4e68b43c7868c3240d3ebfa29867457da.jpg
05.07.2022 19:08:13: Downloaded: Wallpaper.jpg
05.07.2022 19:08:18: Count Check: True
05.07.2022 19:08:18: Random URL: https://cdn.urlaubsguru.at/wp-content/uploads/2017/09/Koenigssee-St.-Bartholomews-Church-iStock_25714100_XLARGE-2-e1564554183513.jpg
05.07.2022 19:08:18: Downloaded: Wallpaper.jpg
05.07.2022 19:08:21: Count Check: True
05.07.2022 19:08:21: Random URL: https://cdn.urlaubsguru.at/wp-content/uploads/2017/09/Koenigssee-St.-Bartholomews-Church-iStock_25714100_XLARGE-2-e1564554183513.jpg
05.07.2022 19:08:22: Downloaded: Wallpaper.jpg
05.07.2022 19:08:23: Count Check: True
05.07.2022 19:08:23: Random URL: https://www.pronatura.ch/sites/pronatura.ch/files/styles/hero_huge/public/2018-07/wildnis_1920x960_cr_matthiassorg_0.jpg?itok=NH1Mz2NC
05.07.2022 19:08:25: Downloaded: Wallpaper.jpg
05.07.2022 19:10:27: Count Check: True
05.07.2022 19:10:27: Random URL: https://www.swr.de/wissen/1000-antworten/1630052900103,steinhuder-meer-sonnenaufgang-100~_v-16x9@2dL_-6c42aff4e68b43c7868c3240d3ebfa29867457da.jpg
05.07.2022 19:10:28: Downloaded: Wallpaper.jpg
05.07.2022 19:10:42: Count Check: True
05.07.2022 19:10:42: Random URL: https://www.pronatura.ch/sites/pronatura.ch/files/styles/hero_huge/public/2018-07/wildnis_1920x960_cr_matthiassorg_0.jpg?itok=NH1Mz2NC
05.07.2022 19:10:43: Downloaded: Wallpaper.jpg
05.07.2022 19:10:48: Count Check: True
05.07.2022 19:10:48: Random URL: https://www.pronatura.ch/sites/pronatura.ch/files/styles/hero_huge/public/2018-07/wildnis_1920x960_cr_matthiassorg_0.jpg?itok=NH1Mz2NC
05.07.2022 19:10:49: Downloaded: Wallpaper.jpg
05.07.2022 19:11:00: Count Check: True
05.07.2022 19:11:00: Random URL: https://cdn.urlaubsguru.at/wp-content/uploads/2017/09/Koenigssee-St.-Bartholomews-Church-iStock_25714100_XLARGE-2-e1564554183513.jpg
05.07.2022 19:11:00: Downloaded: Wallpaper.jpg
05.07.2022 19:12:19: Count Check: True
05.07.2022 19:12:19: Random URL: https://cdn.urlaubsguru.at/wp-content/uploads/2017/09/Koenigssee-St.-Bartholomews-Church-iStock_25714100_XLARGE-2-e1564554183513.jpg
05.07.2022 19:12:19: Downloaded: Wallpaper.jpgKoenigssee-St.-Bartholomews-Church-iStock_25714100_XLARGE-2-e1564554183513.jpg
05.07.2022 19:13:52: Count Check: True
05.07.2022 19:13:52: Random URL: https://www.swr.de/wissen/1000-antworten/1630052900103,steinhuder-meer-sonnenaufgang-100~_v-16x9@2dL_-6c42aff4e68b43c7868c3240d3ebfa29867457da.jpg
05.07.2022 19:15:05: Count Check: True
05.07.2022 19:15:05: Random URL: https://www.swr.de/wissen/1000-antworten/1630052900103,steinhuder-meer-sonnenaufgang-100~_v-16x9@2dL_-6c42aff4e68b43c7868c3240d3ebfa29867457da.jpg
05.07.2022 19:15:05: Downloaded: Wallpaper.jpg; 1630052900103,steinhuder-meer-sonnenaufgang-100~_v-16x9@2dL_-6c42aff4e68b43c7868c3240d3ebfa29867457da.jpg
05.07.2022 19:16:02: Started
05.07.2022 19:16:02: Count Check: True
05.07.2022 19:16:02: Random URL: https://cdn.urlaubsguru.at/wp-content/uploads/2017/09/Koenigssee-St.-Bartholomews-Church-iStock_25714100_XLARGE-2-e1564554183513.jpg
05.07.2022 19:16:02: Downloaded: Wallpaper.jpg; Koenigssee-St.-Bartholomews-Church-iStock_25714100_XLARGE-2-e1564554183513.jpg
